TN:
SF:src/streamComponents/csvToNDJSON.js
FN:4,<instance_members_initializer>
FN:10,CSVToNDJSON
FN:17,#updateBuffer
FN:67,_transform
FN:83,_final
FNF:5
FNH:5
FNDA:3,<instance_members_initializer>
FNDA:3,CSVToNDJSON
FNDA:4,#updateBuffer
FNDA:3,_transform
FNDA:3,_final
DA:1,1
DA:2,1
DA:3,1
DA:4,1
DA:5,3
DA:6,3
DA:7,3
DA:8,1
DA:9,1
DA:10,1
DA:11,3
DA:12,3
DA:13,3
DA:14,3
DA:15,3
DA:16,1
DA:17,1
DA:18,4
DA:19,4
DA:20,4
DA:21,4
DA:22,4
DA:23,4
DA:24,4
DA:25,15
DA:26,15
DA:27,15
DA:28,11
DA:29,11
DA:30,11
DA:31,11
DA:32,11
DA:33,11
DA:34,11
DA:35,11
DA:36,11
DA:37,15
DA:38,7
DA:39,7
DA:40,7
DA:41,7
DA:42,15
DA:43,15
DA:44,15
DA:45,15
DA:46,15
DA:47,12
DA:48,12
DA:49,12
DA:50,7
DA:51,15
DA:52,4
DA:53,4
DA:54,4
DA:55,4
DA:56,4
DA:57,4
DA:58,1
DA:59,1
DA:60,1
DA:61,1
DA:62,1
DA:63,1
DA:64,1
DA:65,1
DA:66,1
DA:67,1
DA:68,3
DA:69,3
DA:70,3
DA:71,3
DA:72,3
DA:73,3
DA:74,1
DA:75,1
DA:76,1
DA:77,1
DA:78,1
DA:79,1
DA:80,1
DA:81,1
DA:82,1
DA:83,1
DA:84,3
DA:85,1
DA:86,1
DA:87,1
DA:88,1
DA:89,1
DA:90,1
DA:91,1
DA:92,1
DA:93,1
DA:94,1
LF:94
LH:94
BRDA:4,0,0,3
BRDA:10,1,0,3
BRDA:17,2,0,4
BRDA:24,3,0,15
BRDA:27,4,0,4
BRDA:27,5,0,11
BRDA:37,6,0,4
BRDA:37,7,0,7
BRDA:46,8,0,3
BRDA:46,9,0,12
BRDA:49,10,0,7
BRDA:51,11,0,3
BRDA:51,12,0,4
BRDA:67,13,0,3
BRDA:83,14,0,3
BRDA:84,15,0,2
BRDA:84,16,0,1
BRF:17
BRH:17
end_of_record
